[11:12:51] [ServerMain/INFO]: Building unoptimized datafixer
[11:12:52] [ServerMain/INFO]: Environment: authHost='https://authserver.mojang.com', accountsHost='https://api.mojang.com', sessionHost='https://sessionserver.mojang.com', servicesHost='https://api.minecraftservices.com', name='PROD'
[11:12:53] [ServerMain/INFO]: Loaded 7 recipes
[11:12:54] [Server thread/INFO]: Starting minecraft server version 1.19.2
[11:12:54] [Server thread/INFO]: Loading properties
[11:12:54] [Server thread/INFO]: This server is running Paper version git-Paper-162 (MC: 1.19.2) (Implementing API version 1.19.2-R0.1-SNAPSHOT) (Git: 339e85d)
[11:12:54] [Server thread/INFO]: Server Ping Player Sample Count: 12
[11:12:54] [Server thread/INFO]: Using 4 threads for Netty based IO
[11:12:54] [Server thread/INFO]: Default game type: SURVIVAL
[11:12:54] [Server thread/INFO]: Generating keypair
[11:12:55] [Server thread/INFO]: Starting Minecraft server on *:25565
[11:12:55] [Server thread/INFO]: Using default channel type
[11:12:55] [Server thread/INFO]: Paper: Using Java 11 compression from Velocity.
[11:12:55] [Server thread/INFO]: Paper: Using Java cipher from Velocity.
[11:12:55] [Server thread/INFO]: [FaisterSMP] Loading 2 libraries... please wait
[11:12:55] [Server thread/INFO]: [FaisterSMP] Loaded library C:\Programmieren\Kotlin\FaisterSMP\run\libraries\net\axay\kspigot\1.19.0\kspigot-1.19.0.jar
[11:12:55] [Server thread/INFO]: [FaisterSMP] Loaded library C:\Programmieren\Kotlin\FaisterSMP\run\libraries\org\jetbrains\kotlinx\kotlinx-serialization-json-jvm\1.3.3\kotlinx-serialization-json-jvm-1.3.3.jar
[11:12:55] [Server thread/INFO]: [FaisterSMP] Loaded library C:\Programmieren\Kotlin\FaisterSMP\run\libraries\org\jetbrains\kotlinx\kotlinx-serialization-core-jvm\1.3.3\kotlinx-serialization-core-jvm-1.3.3.jar
[11:12:55] [Server thread/INFO]: [FaisterSMP] Loaded library C:\Programmieren\Kotlin\FaisterSMP\run\libraries\org\jetbrains\kotlinx\kotlinx-coroutines-core-jvm\1.6.2\kotlinx-coroutines-core-jvm-1.6.2.jar
[11:12:55] [Server thread/INFO]: [FaisterSMP] Loaded library C:\Programmieren\Kotlin\FaisterSMP\run\libraries\org\jetbrains\kotlinx\kotlinx-coroutines-jdk8\1.6.2\kotlinx-coroutines-jdk8-1.6.2.jar
[11:12:55] [Server thread/INFO]: [FaisterSMP] Loaded library C:\Programmieren\Kotlin\FaisterSMP\run\libraries\org\jetbrains\kotlin\kotlin-stdlib-jdk8\1.7.0\kotlin-stdlib-jdk8-1.7.0.jar
[11:12:55] [Server thread/INFO]: [FaisterSMP] Loaded library C:\Programmieren\Kotlin\FaisterSMP\run\libraries\org\jetbrains\kotlin\kotlin-stdlib-jdk7\1.7.0\kotlin-stdlib-jdk7-1.7.0.jar
[11:12:55] [Server thread/INFO]: [FaisterSMP] Loaded library C:\Programmieren\Kotlin\FaisterSMP\run\libraries\org\jetbrains\kotlin\kotlin-stdlib\1.7.10\kotlin-stdlib-1.7.10.jar
[11:12:55] [Server thread/INFO]: [FaisterSMP] Loaded library C:\Programmieren\Kotlin\FaisterSMP\run\libraries\org\jetbrains\kotlin\kotlin-stdlib-common\1.7.10\kotlin-stdlib-common-1.7.10.jar
[11:12:55] [Server thread/INFO]: [FaisterSMP] Loaded library C:\Programmieren\Kotlin\FaisterSMP\run\libraries\org\jetbrains\annotations\13.0\annotations-13.0.jar
[11:12:55] [Server thread/INFO]: [FaisterSMP] Loading FaisterSMP v1.0
[11:12:55] [Server thread/INFO]: Server permissions file permissions.yml is empty, ignoring it
[11:12:55] [Server thread/INFO]: [FaisterSMP] Enabling FaisterSMP v1.0
[11:12:55] [Server thread/INFO]: Preparing level "world"
[11:12:56] [Server thread/INFO]: Preparing start region for dimension minecraft:overworld
[11:12:56] [Server thread/INFO]: Time elapsed: 270 ms
[11:12:56] [Server thread/INFO]: Preparing start region for dimension minecraft:the_nether
[11:12:56] [Server thread/INFO]: Time elapsed: 207 ms
[11:12:56] [Server thread/INFO]: Preparing start region for dimension minecraft:the_end
[11:12:56] [Server thread/INFO]: Time elapsed: 93 ms
[11:12:56] [Server thread/INFO]: Running delayed init tasks
[11:12:56] [Server thread/INFO]: Done (2.073s)! For help, type "help"
[11:12:56] [Server thread/INFO]: Timings Reset
[11:13:00] [Server thread/INFO]: Wood: BIRCH
[11:13:00] [Server thread/INFO]: [BIRCH_PLANKS, BIRCH_LOG, STRIPPED_BIRCH_LOG, STRIPPED_BIRCH_WOOD, BIRCH_WOOD, BIRCH_LEAVES, BIRCH_SLAB, BIRCH_FENCE, BIRCH_STAIRS, BIRCH_PRESSURE_PLATE, BIRCH_DOOR, BIRCH_TRAPDOOR, BIRCH_FENCE_GATE, BIRCH_SIGN, BIRCH_WALL_SIGN, POTTED_BIRCH_SAPLING]
[11:13:00] [Server thread/INFO]: Stone: NETHERRACK
[11:13:00] [Server thread/INFO]: [NETHERRACK]
[11:13:00] [Server thread/INFO]: Ore: EMERALD
[11:13:00] [Server thread/INFO]: [EMERALD_ORE, DEEPSLATE_EMERALD_ORE, EMERALD_BLOCK]
[11:13:18] [Server thread/INFO]: Wood: OAK
[11:13:18] [Server thread/INFO]: [OAK_PLANKS, OAK_LOG, STRIPPED_OAK_LOG, STRIPPED_OAK_WOOD, OAK_WOOD, OAK_LEAVES, OAK_SLAB, PETRIFIED_OAK_SLAB, OAK_FENCE, OAK_STAIRS, OAK_PRESSURE_PLATE, OAK_DOOR, OAK_TRAPDOOR, OAK_FENCE_GATE, OAK_SIGN, OAK_WALL_SIGN, POTTED_OAK_SAPLING]
[11:13:18] [Server thread/INFO]: Stone: GRANITE
[11:13:18] [Server thread/INFO]: [GRANITE, POLISHED_GRANITE, GRANITE_WALL, POLISHED_GRANITE_STAIRS, GRANITE_STAIRS, POLISHED_GRANITE_SLAB, GRANITE_SLAB]
[11:13:18] [Server thread/INFO]: Ore: LAPIS
[11:13:18] [Server thread/INFO]: [LAPIS_ORE, DEEPSLATE_LAPIS_ORE, LAPIS_BLOCK]
[11:14:21] [Server thread/INFO]: Wood: SPRUCE
[11:14:21] [Server thread/INFO]: [SPRUCE_PLANKS, SPRUCE_LOG, STRIPPED_SPRUCE_LOG, STRIPPED_SPRUCE_WOOD, SPRUCE_WOOD, SPRUCE_LEAVES, SPRUCE_SLAB, SPRUCE_FENCE, SPRUCE_STAIRS, SPRUCE_PRESSURE_PLATE, SPRUCE_DOOR, SPRUCE_TRAPDOOR, SPRUCE_FENCE_GATE, SPRUCE_SIGN, SPRUCE_WALL_SIGN, POTTED_SPRUCE_SAPLING]
[11:14:21] [Server thread/INFO]: Stone: BLACKSTONE
[11:14:21] [Server thread/INFO]: [BLACKSTONE_WALL, POLISHED_BLACKSTONE_WALL, POLISHED_BLACKSTONE_BRICK_WALL, POLISHED_BLACKSTONE_PRESSURE_PLATE, BLACKSTONE, BLACKSTONE_SLAB, BLACKSTONE_STAIRS, GILDED_BLACKSTONE, POLISHED_BLACKSTONE, POLISHED_BLACKSTONE_SLAB, POLISHED_BLACKSTONE_STAIRS, CHISELED_POLISHED_BLACKSTONE, POLISHED_BLACKSTONE_BRICKS, POLISHED_BLACKSTONE_BRICK_SLAB, POLISHED_BLACKSTONE_BRICK_STAIRS, CRACKED_POLISHED_BLACKSTONE_BRICKS]
[11:14:21] [Server thread/INFO]: Ore: EMERALD
[11:14:21] [Server thread/INFO]: [EMERALD_ORE, DEEPSLATE_EMERALD_ORE, EMERALD_BLOCK]
[11:14:28] [Server thread/INFO]: Wood: ACACIA
[11:14:28] [Server thread/INFO]: [ACACIA_PLANKS, ACACIA_LOG, STRIPPED_ACACIA_LOG, STRIPPED_ACACIA_WOOD, ACACIA_WOOD, ACACIA_LEAVES, ACACIA_SLAB, ACACIA_FENCE, ACACIA_STAIRS, ACACIA_PRESSURE_PLATE, ACACIA_DOOR, ACACIA_TRAPDOOR, ACACIA_FENCE_GATE, ACACIA_SIGN, ACACIA_WALL_SIGN, POTTED_ACACIA_SAPLING]
[11:14:28] [Server thread/INFO]: Stone: PRISMARINE
[11:14:28] [Server thread/INFO]: [PRISMARINE_SLAB, PRISMARINE_BRICK_SLAB, DARK_PRISMARINE_SLAB, PRISMARINE_WALL, PRISMARINE, PRISMARINE_BRICKS, DARK_PRISMARINE, PRISMARINE_STAIRS, PRISMARINE_BRICK_STAIRS, DARK_PRISMARINE_STAIRS]
[11:14:28] [Server thread/INFO]: Ore: COPPER
[11:14:28] [Server thread/INFO]: [COPPER_ORE, DEEPSLATE_COPPER_ORE, RAW_COPPER_BLOCK, COPPER_BLOCK, EXPOSED_COPPER, WEATHERED_COPPER, OXIDIZED_COPPER, CUT_COPPER, EXPOSED_CUT_COPPER, WEATHERED_CUT_COPPER, OXIDIZED_CUT_COPPER, CUT_COPPER_STAIRS, EXPOSED_CUT_COPPER_STAIRS, WEATHERED_CUT_COPPER_STAIRS, OXIDIZED_CUT_COPPER_STAIRS, CUT_COPPER_SLAB, EXPOSED_CUT_COPPER_SLAB, WEATHERED_CUT_COPPER_SLAB, OXIDIZED_CUT_COPPER_SLAB, WAXED_COPPER_BLOCK, WAXED_EXPOSED_COPPER, WAXED_WEATHERED_COPPER, WAXED_OXIDIZED_COPPER, WAXED_CUT_COPPER, WAXED_EXPOSED_CUT_COPPER, WAXED_WEATHERED_CUT_COPPER, WAXED_OXIDIZED_CUT_COPPER, WAXED_CUT_COPPER_STAIRS, WAXED_EXPOSED_CUT_COPPER_STAIRS, WAXED_WEATHERED_CUT_COPPER_STAIRS, WAXED_OXIDIZED_CUT_COPPER_STAIRS, WAXED_CUT_COPPER_SLAB, WAXED_EXPOSED_CUT_COPPER_SLAB, WAXED_WEATHERED_CUT_COPPER_SLAB, WAXED_OXIDIZED_CUT_COPPER_SLAB]
[11:15:03] [Server thread/INFO]: Wood: DARK_OAK
[11:15:03] [Server thread/INFO]: [DARK_OAK_PLANKS, DARK_OAK_LOG, STRIPPED_DARK_OAK_LOG, STRIPPED_DARK_OAK_WOOD, DARK_OAK_WOOD, DARK_OAK_LEAVES, DARK_OAK_SLAB, DARK_OAK_FENCE, DARK_OAK_STAIRS, DARK_OAK_PRESSURE_PLATE, DARK_OAK_DOOR, DARK_OAK_TRAPDOOR, DARK_OAK_FENCE_GATE, DARK_OAK_SIGN, DARK_OAK_WALL_SIGN, POTTED_DARK_OAK_SAPLING]
[11:15:03] [Server thread/INFO]: Stone: END_STONE
[11:15:03] [Server thread/INFO]: [END_STONE, END_STONE_BRICKS, END_STONE_BRICK_WALL, END_STONE_BRICK_STAIRS, END_STONE_BRICK_SLAB]
[11:15:03] [Server thread/INFO]: Ore: DIAMOND
[11:15:03] [Server thread/INFO]: [DIAMOND_ORE, DEEPSLATE_DIAMOND_ORE, DIAMOND_BLOCK]
[11:25:34] [Server thread/INFO]: Wood: ACACIA
[11:25:34] [Server thread/INFO]: [ACACIA_PLANKS, ACACIA_LOG, STRIPPED_ACACIA_LOG, STRIPPED_ACACIA_WOOD, ACACIA_WOOD, ACACIA_LEAVES, ACACIA_SLAB, ACACIA_FENCE, ACACIA_STAIRS, ACACIA_PRESSURE_PLATE, ACACIA_DOOR, ACACIA_TRAPDOOR, ACACIA_FENCE_GATE, ACACIA_SIGN, ACACIA_WALL_SIGN, POTTED_ACACIA_SAPLING]
[11:25:34] [Server thread/INFO]: Stone: DEEPSLATE
[11:25:34] [Server thread/INFO]: [DEEPSLATE, COBBLED_DEEPSLATE, POLISHED_DEEPSLATE, INFESTED_DEEPSLATE, DEEPSLATE_BRICKS, CRACKED_DEEPSLATE_BRICKS, DEEPSLATE_TILES, CRACKED_DEEPSLATE_TILES, CHISELED_DEEPSLATE, REINFORCED_DEEPSLATE, COBBLED_DEEPSLATE_WALL, POLISHED_DEEPSLATE_WALL, DEEPSLATE_BRICK_WALL, DEEPSLATE_TILE_WALL, COBBLED_DEEPSLATE_STAIRS, POLISHED_DEEPSLATE_STAIRS, DEEPSLATE_BRICK_STAIRS, DEEPSLATE_TILE_STAIRS, COBBLED_DEEPSLATE_SLAB, POLISHED_DEEPSLATE_SLAB, DEEPSLATE_BRICK_SLAB, DEEPSLATE_TILE_SLAB]
[11:25:34] [Server thread/INFO]: Ore: QUARTZ
[11:25:34] [Server thread/INFO]: [NETHER_QUARTZ_ORE, QUARTZ_SLAB, SMOOTH_QUARTZ, CHISELED_QUARTZ_BLOCK, QUARTZ_BLOCK, QUARTZ_BRICKS, QUARTZ_PILLAR, QUARTZ_STAIRS, SMOOTH_QUARTZ_STAIRS, SMOOTH_QUARTZ_SLAB]
[11:25:37] [Server thread/INFO]: Wood: BIRCH
[11:25:37] [Server thread/INFO]: [BIRCH_PLANKS, BIRCH_LOG, STRIPPED_BIRCH_LOG, STRIPPED_BIRCH_WOOD, BIRCH_WOOD, BIRCH_LEAVES, BIRCH_SLAB, BIRCH_FENCE, BIRCH_STAIRS, BIRCH_PRESSURE_PLATE, BIRCH_DOOR, BIRCH_TRAPDOOR, BIRCH_FENCE_GATE, BIRCH_SIGN, BIRCH_WALL_SIGN, POTTED_BIRCH_SAPLING]
[11:25:37] [Server thread/INFO]: Stone: BLACKSTONE
[11:25:37] [Server thread/INFO]: [BLACKSTONE_WALL, POLISHED_BLACKSTONE_WALL, POLISHED_BLACKSTONE_BRICK_WALL, POLISHED_BLACKSTONE_PRESSURE_PLATE, BLACKSTONE, BLACKSTONE_SLAB, BLACKSTONE_STAIRS, GILDED_BLACKSTONE, POLISHED_BLACKSTONE, POLISHED_BLACKSTONE_SLAB, POLISHED_BLACKSTONE_STAIRS, CHISELED_POLISHED_BLACKSTONE, POLISHED_BLACKSTONE_BRICKS, POLISHED_BLACKSTONE_BRICK_SLAB, POLISHED_BLACKSTONE_BRICK_STAIRS, CRACKED_POLISHED_BLACKSTONE_BRICKS]
[11:25:37] [Server thread/INFO]: Ore: QUARTZ
[11:25:37] [Server thread/INFO]: [NETHER_QUARTZ_ORE, QUARTZ_SLAB, SMOOTH_QUARTZ, CHISELED_QUARTZ_BLOCK, QUARTZ_BLOCK, QUARTZ_BRICKS, QUARTZ_PILLAR, QUARTZ_STAIRS, SMOOTH_QUARTZ_STAIRS, SMOOTH_QUARTZ_SLAB]
[11:30:40] [Server thread/INFO]: Wood: DARK_OAK
[11:30:40] [Server thread/INFO]: [DARK_OAK_PLANKS, DARK_OAK_LOG, STRIPPED_DARK_OAK_LOG, STRIPPED_DARK_OAK_WOOD, DARK_OAK_WOOD, DARK_OAK_LEAVES, DARK_OAK_SLAB, DARK_OAK_FENCE, DARK_OAK_STAIRS, DARK_OAK_PRESSURE_PLATE, DARK_OAK_DOOR, DARK_OAK_TRAPDOOR, DARK_OAK_FENCE_GATE, DARK_OAK_SIGN, DARK_OAK_WALL_SIGN, POTTED_DARK_OAK_SAPLING]
[11:30:40] [Server thread/INFO]: Stone: DEEPSLATE
[11:30:40] [Server thread/INFO]: [DEEPSLATE, COBBLED_DEEPSLATE, POLISHED_DEEPSLATE, INFESTED_DEEPSLATE, DEEPSLATE_BRICKS, CRACKED_DEEPSLATE_BRICKS, DEEPSLATE_TILES, CRACKED_DEEPSLATE_TILES, CHISELED_DEEPSLATE, REINFORCED_DEEPSLATE, COBBLED_DEEPSLATE_WALL, POLISHED_DEEPSLATE_WALL, DEEPSLATE_BRICK_WALL, DEEPSLATE_TILE_WALL, COBBLED_DEEPSLATE_STAIRS, POLISHED_DEEPSLATE_STAIRS, DEEPSLATE_BRICK_STAIRS, DEEPSLATE_TILE_STAIRS, COBBLED_DEEPSLATE_SLAB, POLISHED_DEEPSLATE_SLAB, DEEPSLATE_BRICK_SLAB, DEEPSLATE_TILE_SLAB]
[11:30:40] [Server thread/INFO]: Ore: IRON
[11:30:40] [Server thread/INFO]: [IRON_ORE, DEEPSLATE_IRON_ORE, RAW_IRON_BLOCK, IRON_BLOCK, IRON_BARS, IRON_DOOR, IRON_TRAPDOOR]
[11:30:42] [Server thread/INFO]: Wood: BIRCH
[11:30:42] [Server thread/INFO]: [BIRCH_PLANKS, BIRCH_LOG, STRIPPED_BIRCH_LOG, STRIPPED_BIRCH_WOOD, BIRCH_WOOD, BIRCH_LEAVES, BIRCH_SLAB, BIRCH_FENCE, BIRCH_STAIRS, BIRCH_PRESSURE_PLATE, BIRCH_DOOR, BIRCH_TRAPDOOR, BIRCH_FENCE_GATE, BIRCH_SIGN, BIRCH_WALL_SIGN, POTTED_BIRCH_SAPLING]
[11:30:42] [Server thread/INFO]: Stone: DEEPSLATE
[11:30:42] [Server thread/INFO]: [DEEPSLATE, COBBLED_DEEPSLATE, POLISHED_DEEPSLATE, INFESTED_DEEPSLATE, DEEPSLATE_BRICKS, CRACKED_DEEPSLATE_BRICKS, DEEPSLATE_TILES, CRACKED_DEEPSLATE_TILES, CHISELED_DEEPSLATE, REINFORCED_DEEPSLATE, COBBLED_DEEPSLATE_WALL, POLISHED_DEEPSLATE_WALL, DEEPSLATE_BRICK_WALL, DEEPSLATE_TILE_WALL, COBBLED_DEEPSLATE_STAIRS, POLISHED_DEEPSLATE_STAIRS, DEEPSLATE_BRICK_STAIRS, DEEPSLATE_TILE_STAIRS, COBBLED_DEEPSLATE_SLAB, POLISHED_DEEPSLATE_SLAB, DEEPSLATE_BRICK_SLAB, DEEPSLATE_TILE_SLAB]
[11:30:42] [Server thread/INFO]: Ore: REDSTONE
[11:30:42] [Server thread/INFO]: [REDSTONE_ORE, DEEPSLATE_REDSTONE_ORE, REDSTONE_BLOCK, REDSTONE_LAMP]
[11:30:44] [Server thread/INFO]: Wood: ACACIA
[11:30:44] [Server thread/INFO]: [ACACIA_PLANKS, ACACIA_LOG, STRIPPED_ACACIA_LOG, STRIPPED_ACACIA_WOOD, ACACIA_WOOD, ACACIA_LEAVES, ACACIA_SLAB, ACACIA_FENCE, ACACIA_STAIRS, ACACIA_PRESSURE_PLATE, ACACIA_DOOR, ACACIA_TRAPDOOR, ACACIA_FENCE_GATE, ACACIA_SIGN, ACACIA_WALL_SIGN, POTTED_ACACIA_SAPLING]
[11:30:44] [Server thread/INFO]: Stone: SANDSTONE
[11:30:44] [Server thread/INFO]: [SANDSTONE, CHISELED_SANDSTONE, CUT_SANDSTONE, SANDSTONE_SLAB, CUT_SANDSTONE_SLAB, RED_SANDSTONE_SLAB, CUT_RED_SANDSTONE_SLAB, SMOOTH_RED_SANDSTONE, SMOOTH_SANDSTONE, SANDSTONE_STAIRS, RED_SANDSTONE_WALL, SANDSTONE_WALL, RED_SANDSTONE, CHISELED_RED_SANDSTONE, CUT_RED_SANDSTONE, RED_SANDSTONE_STAIRS, SMOOTH_RED_SANDSTONE_STAIRS, SMOOTH_SANDSTONE_STAIRS, SMOOTH_RED_SANDSTONE_SLAB, SMOOTH_SANDSTONE_SLAB]
[11:30:44] [Server thread/INFO]: Ore: DIAMOND
[11:30:44] [Server thread/INFO]: [DIAMOND_ORE, DEEPSLATE_DIAMOND_ORE, DIAMOND_BLOCK]
